<?xml version="1.0" encoding="UTF-8" ?>
<testsuite failures="0" time="0.006" errors="0" skipped="0" tests="2" name="org.xcesco.sqldeployer.core.FileParserTest">
  <properties>
    <property name="java.runtime.name" value="Java(TM) SE Runtime Environment"/>
    <property name="sun.boot.library.path" value="C:\Program Files\Java\jdk1.6.0_21\jre\bin"/>
    <property name="java.vm.version" value="17.0-b17"/>
    <property name="java.vm.vendor" value="Sun Microsystems Inc."/>
    <property name="java.vendor.url" value="http://java.sun.com/"/>
    <property name="path.separator" value=";"/>
    <property name="java.vm.name" value="Java HotSpot(TM) 64-Bit Server VM"/>
    <property name="file.encoding.pkg" value="sun.io"/>
    <property name="user.country" value="IT"/>
    <property name="sun.java.launcher" value="SUN_STANDARD"/>
    <property name="sun.os.patch.level" value=""/>
    <property name="java.vm.specification.name" value="Java Virtual Machine Specification"/>
    <property name="user.dir" value="D:\progetti\articoli\Articolo maven sqldeployer\workspace\sqldeployer"/>
    <property name="java.runtime.version" value="1.6.0_21-b07"/>
    <property name="java.awt.graphicsenv" value="sun.awt.Win32GraphicsEnvironment"/>
    <property name="basedir" value="D:\progetti\articoli\Articolo maven sqldeployer\workspace\sqldeployer"/>
    <property name="java.endorsed.dirs" value="C:\Program Files\Java\jdk1.6.0_21\jre\lib\endorsed"/>
    <property name="os.arch" value="amd64"/>
    <property name="surefire.real.class.path" value="D:\progetti\articoli\Articolo maven sqldeployer\workspace\sqldeployer\target\surefire\surefirebooter8047498531464938786.jar"/>
    <property name="java.io.tmpdir" value="C:\Users\908099~1.INS\AppData\Local\Temp\"/>
    <property name="line.separator" value="
"/>
    <property name="java.vm.specification.vendor" value="Sun Microsystems Inc."/>
    <property name="user.variant" value=""/>
    <property name="os.name" value="Windows 7"/>
    <property name="sun.jnu.encoding" value="Cp1252"/>
    <property name="java.library.path" value="C:\Program Files\Java\jdk1.6.0_21\jre\bin;.;C:\Windows\Sun\Java\bin;C:\Windows\system32;C:\Windows;C:\MyProgrammi\Ant\apache-ant-1.8.2\bin;C:\Program Files\Common Files\Microsoft Shared\Windows Live;C:\Program Files (x86)\Common Files\Microsoft Shared\Windows Live;C:\Program Files\Java\jdk1.6.0_21;C:\Windows\system32;C:\Windows;C:\Windows\System32\Wbem;C:\Windows\System32\WindowsPowerShell\v1.0\;C:\Program Files\WIDCOMM\Bluetooth Software\;C:\Program Files\WIDCOMM\Bluetooth Software\syswow64;C:\Program Files\Broadcom\Broadcom 802.11\Driver;C:\Program Files (x86)\Microsoft SQL Server\90\Tools\binn\;C:\Program Files\SlikSvn\bin\;C:\MyProgrammi\Oracle\Instantclient_10_2;C:\MyProgrammi\Maven\apache-maven-2.2.1\bin;C:\Program Files\PuTTY;C:\Program Files (x86)\Windows Live\Shared;C:\Program Files (x86)\Calibre2\;C:\Program Files (x86)\InfoCert\DiKe\;C:\Program Files\TortoiseSVN\bin"/>
    <property name="surefire.test.class.path" value="D:\progetti\articoli\Articolo maven sqldeployer\workspace\sqldeployer\target\test-classes;D:\progetti\articoli\Articolo maven sqldeployer\workspace\sqldeployer\target\classes;C:\Users\908099.INSIEL\.m2\repository\org\apache\maven\maven-plugin-api\2.0\maven-plugin-api-2.0.jar;C:\Users\908099.INSIEL\.m2\repository\org\apache\maven\plugin-testing\maven-plugin-testing-harness\1.2\maven-plugin-testing-harness-1.2.jar;C:\Users\908099.INSIEL\.m2\repository\org\apache\maven\maven-project\2.0\maven-project-2.0.jar;C:\Users\908099.INSIEL\.m2\repository\org\apache\maven\maven-profile\2.0\maven-profile-2.0.jar;C:\Users\908099.INSIEL\.m2\repository\org\apache\maven\maven-core\2.0\maven-core-2.0.jar;C:\Users\908099.INSIEL\.m2\repository\org\apache\maven\wagon\wagon-file\1.0-alpha-5\wagon-file-1.0-alpha-5.jar;C:\Users\908099.INSIEL\.m2\repository\org\apache\maven\maven-plugin-parameter-documenter\2.0\maven-plugin-parameter-documenter-2.0.jar;C:\Users\908099.INSIEL\.m2\repository\org\apache\maven\wagon\wagon-http-lightweight\1.0-alpha-5\wagon-http-lightweight-1.0-alpha-5.jar;C:\Users\908099.INSIEL\.m2\repository\org\apache\maven\reporting\maven-reporting-api\2.0\maven-reporting-api-2.0.jar;C:\Users\908099.INSIEL\.m2\repository\doxia\doxia-sink-api\1.0-alpha-4\doxia-sink-api-1.0-alpha-4.jar;C:\Users\908099.INSIEL\.m2\repository\org\apache\maven\wagon\wagon-provider-api\1.0-alpha-5\wagon-provider-api-1.0-alpha-5.jar;C:\Users\908099.INSIEL\.m2\repository\org\apache\maven\maven-repository-metadata\2.0\maven-repository-metadata-2.0.jar;C:\Users\908099.INSIEL\.m2\repository\org\apache\maven\maven-error-diagnostics\2.0\maven-error-diagnostics-2.0.jar;C:\Users\908099.INSIEL\.m2\repository\org\apache\maven\maven-plugin-registry\2.0\maven-plugin-registry-2.0.jar;C:\Users\908099.INSIEL\.m2\repository\commons-cli\commons-cli\1.0\commons-cli-1.0.jar;C:\Users\908099.INSIEL\.m2\repository\org\apache\maven\maven-plugin-descriptor\2.0\maven-plugin-descriptor-2.0.jar;C:\Users\908099.INSIEL\.m2\repository\org\codehaus\plexus\plexus-interactivity-api\1.0-alpha-4\plexus-interactivity-api-1.0-alpha-4.jar;C:\Users\908099.INSIEL\.m2\repository\org\apache\maven\maven-monitor\2.0\maven-monitor-2.0.jar;C:\Users\908099.INSIEL\.m2\repository\org\apache\maven\wagon\wagon-ssh\1.0-alpha-5\wagon-ssh-1.0-alpha-5.jar;C:\Users\908099.INSIEL\.m2\repository\com\jcraft\jsch\0.1.23\jsch-0.1.23.jar;C:\Users\908099.INSIEL\.m2\repository\org\apache\maven\maven-model\2.0\maven-model-2.0.jar;C:\Users\908099.INSIEL\.m2\repository\org\apache\maven\maven-artifact\2.0\maven-artifact-2.0.jar;C:\Users\908099.INSIEL\.m2\repository\org\apache\maven\maven-artifact-manager\2.0\maven-artifact-manager-2.0.jar;C:\Users\908099.INSIEL\.m2\repository\org\codehaus\plexus\plexus-utils\1.5.1\plexus-utils-1.5.1.jar;C:\Users\908099.INSIEL\.m2\repository\org\codehaus\plexus\plexus-archiver\1.0-alpha-7\plexus-archiver-1.0-alpha-7.jar;C:\Users\908099.INSIEL\.m2\repository\org\apache\maven\plugin-testing\maven-plugin-testing-tools\1.2\maven-plugin-testing-tools-1.2.jar;C:\Users\908099.INSIEL\.m2\repository\org\codehaus\plexus\plexus-container-default\1.0-alpha-9-stable-1\plexus-container-default-1.0-alpha-9-stable-1.jar;C:\Users\908099.INSIEL\.m2\repository\classworlds\classworlds\1.1-alpha-2\classworlds-1.1-alpha-2.jar;C:\Users\908099.INSIEL\.m2\repository\org\apache\maven\maven-settings\2.0.4\maven-settings-2.0.4.jar;C:\Users\908099.INSIEL\.m2\repository\org\apache\maven\shared\maven-invoker\2.0.7\maven-invoker-2.0.7.jar;C:\Users\908099.INSIEL\.m2\repository\commons-dbcp\commons-dbcp\1.4\commons-dbcp-1.4.jar;C:\Users\908099.INSIEL\.m2\repository\commons-pool\commons-pool\1.5.4\commons-pool-1.5.4.jar;C:\Users\908099.INSIEL\.m2\repository\commons-logging\commons-logging\1.1.1\commons-logging-1.1.1.jar;C:\Users\908099.INSIEL\.m2\repository\log4j\log4j\1.2.15\log4j-1.2.15.jar;C:\Users\908099.INSIEL\.m2\repository\javax\mail\mail\1.4\mail-1.4.jar;C:\Users\908099.INSIEL\.m2\repository\javax\activation\activation\1.1\activation-1.1.jar;C:\Users\908099.INSIEL\.m2\repository\org\jmock\jmock\2.5.1\jmock-2.5.1.jar;C:\Users\908099.INSIEL\.m2\repository\org\hamcrest\hamcrest-core\1.1\hamcrest-core-1.1.jar;C:\Users\908099.INSIEL\.m2\repository\org\hamcrest\hamcrest-library\1.1\hamcrest-library-1.1.jar;C:\Users\908099.INSIEL\.m2\repository\org\hibernate\hibernate-core\3.6.8.Final\hibernate-core-3.6.8.Final.jar;C:\Users\908099.INSIEL\.m2\repository\antlr\antlr\2.7.6\antlr-2.7.6.jar;C:\Users\908099.INSIEL\.m2\repository\commons-collections\commons-collections\3.1\commons-collections-3.1.jar;C:\Users\908099.INSIEL\.m2\repository\dom4j\dom4j\1.6.1\dom4j-1.6.1.jar;C:\Users\908099.INSIEL\.m2\repository\org\hibernate\hibernate-commons-annotations\3.2.0.Final\hibernate-commons-annotations-3.2.0.Final.jar;C:\Users\908099.INSIEL\.m2\repository\org\hibernate\javax\persistence\hibernate-jpa-2.0-api\1.0.1.Final\hibernate-jpa-2.0-api-1.0.1.Final.jar;C:\Users\908099.INSIEL\.m2\repository\javax\transaction\jta\1.1\jta-1.1.jar;C:\Users\908099.INSIEL\.m2\repository\org\slf4j\slf4j-api\1.6.1\slf4j-api-1.6.1.jar;C:\Users\908099.INSIEL\.m2\repository\javassist\javassist\3.12.1.GA\javassist-3.12.1.GA.jar;C:\Users\908099.INSIEL\.m2\repository\org\hsqldb\hsqldb-j5\2.2.4\hsqldb-j5-2.2.4.jar;C:\Users\908099.INSIEL\.m2\repository\junit\junit\4.10\junit-4.10.jar;"/>
    <property name="java.specification.name" value="Java Platform API Specification"/>
    <property name="java.class.version" value="50.0"/>
    <property name="sun.management.compiler" value="HotSpot 64-Bit Server Compiler"/>
    <property name="os.version" value="6.1"/>
    <property name="user.home" value="C:\Users\908099.INSIEL"/>
    <property name="user.timezone" value=""/>
    <property name="java.awt.printerjob" value="sun.awt.windows.WPrinterJob"/>
    <property name="java.specification.version" value="1.6"/>
    <property name="file.encoding" value="Cp1252"/>
    <property name="user.name" value="908099"/>
    <property name="java.class.path" value="D:\progetti\articoli\Articolo maven sqldeployer\workspace\sqldeployer\target\test-classes;D:\progetti\articoli\Articolo maven sqldeployer\workspace\sqldeployer\target\classes;C:\Users\908099.INSIEL\.m2\repository\org\apache\maven\maven-plugin-api\2.0\maven-plugin-api-2.0.jar;C:\Users\908099.INSIEL\.m2\repository\org\apache\maven\plugin-testing\maven-plugin-testing-harness\1.2\maven-plugin-testing-harness-1.2.jar;C:\Users\908099.INSIEL\.m2\repository\org\apache\maven\maven-project\2.0\maven-project-2.0.jar;C:\Users\908099.INSIEL\.m2\repository\org\apache\maven\maven-profile\2.0\maven-profile-2.0.jar;C:\Users\908099.INSIEL\.m2\repository\org\apache\maven\maven-core\2.0\maven-core-2.0.jar;C:\Users\908099.INSIEL\.m2\repository\org\apache\maven\wagon\wagon-file\1.0-alpha-5\wagon-file-1.0-alpha-5.jar;C:\Users\908099.INSIEL\.m2\repository\org\apache\maven\maven-plugin-parameter-documenter\2.0\maven-plugin-parameter-documenter-2.0.jar;C:\Users\908099.INSIEL\.m2\repository\org\apache\maven\wagon\wagon-http-lightweight\1.0-alpha-5\wagon-http-lightweight-1.0-alpha-5.jar;C:\Users\908099.INSIEL\.m2\repository\org\apache\maven\reporting\maven-reporting-api\2.0\maven-reporting-api-2.0.jar;C:\Users\908099.INSIEL\.m2\repository\doxia\doxia-sink-api\1.0-alpha-4\doxia-sink-api-1.0-alpha-4.jar;C:\Users\908099.INSIEL\.m2\repository\org\apache\maven\wagon\wagon-provider-api\1.0-alpha-5\wagon-provider-api-1.0-alpha-5.jar;C:\Users\908099.INSIEL\.m2\repository\org\apache\maven\maven-repository-metadata\2.0\maven-repository-metadata-2.0.jar;C:\Users\908099.INSIEL\.m2\repository\org\apache\maven\maven-error-diagnostics\2.0\maven-error-diagnostics-2.0.jar;C:\Users\908099.INSIEL\.m2\repository\org\apache\maven\maven-plugin-registry\2.0\maven-plugin-registry-2.0.jar;C:\Users\908099.INSIEL\.m2\repository\commons-cli\commons-cli\1.0\commons-cli-1.0.jar;C:\Users\908099.INSIEL\.m2\repository\org\apache\maven\maven-plugin-descriptor\2.0\maven-plugin-descriptor-2.0.jar;C:\Users\908099.INSIEL\.m2\repository\org\codehaus\plexus\plexus-interactivity-api\1.0-alpha-4\plexus-interactivity-api-1.0-alpha-4.jar;C:\Users\908099.INSIEL\.m2\repository\org\apache\maven\maven-monitor\2.0\maven-monitor-2.0.jar;C:\Users\908099.INSIEL\.m2\repository\org\apache\maven\wagon\wagon-ssh\1.0-alpha-5\wagon-ssh-1.0-alpha-5.jar;C:\Users\908099.INSIEL\.m2\repository\com\jcraft\jsch\0.1.23\jsch-0.1.23.jar;C:\Users\908099.INSIEL\.m2\repository\org\apache\maven\maven-model\2.0\maven-model-2.0.jar;C:\Users\908099.INSIEL\.m2\repository\org\apache\maven\maven-artifact\2.0\maven-artifact-2.0.jar;C:\Users\908099.INSIEL\.m2\repository\org\apache\maven\maven-artifact-manager\2.0\maven-artifact-manager-2.0.jar;C:\Users\908099.INSIEL\.m2\repository\org\codehaus\plexus\plexus-utils\1.5.1\plexus-utils-1.5.1.jar;C:\Users\908099.INSIEL\.m2\repository\org\codehaus\plexus\plexus-archiver\1.0-alpha-7\plexus-archiver-1.0-alpha-7.jar;C:\Users\908099.INSIEL\.m2\repository\org\apache\maven\plugin-testing\maven-plugin-testing-tools\1.2\maven-plugin-testing-tools-1.2.jar;C:\Users\908099.INSIEL\.m2\repository\org\codehaus\plexus\plexus-container-default\1.0-alpha-9-stable-1\plexus-container-default-1.0-alpha-9-stable-1.jar;C:\Users\908099.INSIEL\.m2\repository\classworlds\classworlds\1.1-alpha-2\classworlds-1.1-alpha-2.jar;C:\Users\908099.INSIEL\.m2\repository\org\apache\maven\maven-settings\2.0.4\maven-settings-2.0.4.jar;C:\Users\908099.INSIEL\.m2\repository\org\apache\maven\shared\maven-invoker\2.0.7\maven-invoker-2.0.7.jar;C:\Users\908099.INSIEL\.m2\repository\commons-dbcp\commons-dbcp\1.4\commons-dbcp-1.4.jar;C:\Users\908099.INSIEL\.m2\repository\commons-pool\commons-pool\1.5.4\commons-pool-1.5.4.jar;C:\Users\908099.INSIEL\.m2\repository\commons-logging\commons-logging\1.1.1\commons-logging-1.1.1.jar;C:\Users\908099.INSIEL\.m2\repository\log4j\log4j\1.2.15\log4j-1.2.15.jar;C:\Users\908099.INSIEL\.m2\repository\javax\mail\mail\1.4\mail-1.4.jar;C:\Users\908099.INSIEL\.m2\repository\javax\activation\activation\1.1\activation-1.1.jar;C:\Users\908099.INSIEL\.m2\repository\org\jmock\jmock\2.5.1\jmock-2.5.1.jar;C:\Users\908099.INSIEL\.m2\repository\org\hamcrest\hamcrest-core\1.1\hamcrest-core-1.1.jar;C:\Users\908099.INSIEL\.m2\repository\org\hamcrest\hamcrest-library\1.1\hamcrest-library-1.1.jar;C:\Users\908099.INSIEL\.m2\repository\org\hibernate\hibernate-core\3.6.8.Final\hibernate-core-3.6.8.Final.jar;C:\Users\908099.INSIEL\.m2\repository\antlr\antlr\2.7.6\antlr-2.7.6.jar;C:\Users\908099.INSIEL\.m2\repository\commons-collections\commons-collections\3.1\commons-collections-3.1.jar;C:\Users\908099.INSIEL\.m2\repository\dom4j\dom4j\1.6.1\dom4j-1.6.1.jar;C:\Users\908099.INSIEL\.m2\repository\org\hibernate\hibernate-commons-annotations\3.2.0.Final\hibernate-commons-annotations-3.2.0.Final.jar;C:\Users\908099.INSIEL\.m2\repository\org\hibernate\javax\persistence\hibernate-jpa-2.0-api\1.0.1.Final\hibernate-jpa-2.0-api-1.0.1.Final.jar;C:\Users\908099.INSIEL\.m2\repository\javax\transaction\jta\1.1\jta-1.1.jar;C:\Users\908099.INSIEL\.m2\repository\org\slf4j\slf4j-api\1.6.1\slf4j-api-1.6.1.jar;C:\Users\908099.INSIEL\.m2\repository\javassist\javassist\3.12.1.GA\javassist-3.12.1.GA.jar;C:\Users\908099.INSIEL\.m2\repository\org\hsqldb\hsqldb-j5\2.2.4\hsqldb-j5-2.2.4.jar;C:\Users\908099.INSIEL\.m2\repository\junit\junit\4.10\junit-4.10.jar;"/>
    <property name="java.vm.specification.version" value="1.0"/>
    <property name="sun.arch.data.model" value="64"/>
    <property name="java.home" value="C:\Program Files\Java\jdk1.6.0_21\jre"/>
    <property name="java.specification.vendor" value="Sun Microsystems Inc."/>
    <property name="user.language" value="it"/>
    <property name="awt.toolkit" value="sun.awt.windows.WToolkit"/>
    <property name="java.vm.info" value="mixed mode"/>
    <property name="java.version" value="1.6.0_21"/>
    <property name="java.ext.dirs" value="C:\Program Files\Java\jdk1.6.0_21\jre\lib\ext;C:\Windows\Sun\Java\lib\ext"/>
    <property name="sun.boot.class.path" value="C:\Program Files\Java\jdk1.6.0_21\jre\lib\resources.jar;C:\Program Files\Java\jdk1.6.0_21\jre\lib\rt.jar;C:\Program Files\Java\jdk1.6.0_21\jre\lib\sunrsasign.jar;C:\Program Files\Java\jdk1.6.0_21\jre\lib\jsse.jar;C:\Program Files\Java\jdk1.6.0_21\jre\lib\jce.jar;C:\Program Files\Java\jdk1.6.0_21\jre\lib\charsets.jar;C:\Program Files\Java\jdk1.6.0_21\jre\classes"/>
    <property name="java.vendor" value="Sun Microsystems Inc."/>
    <property name="localRepository" value="C:\Users\908099.INSIEL\.m2\repository"/>
    <property name="file.separator" value="\"/>
    <property name="java.vendor.url.bug" value="http://java.sun.com/cgi-bin/bugreport.cgi"/>
    <property name="sun.cpu.endian" value="little"/>
    <property name="sun.io.unicode.encoding" value="UnicodeLittle"/>
    <property name="sun.desktop" value="windows"/>
    <property name="sun.cpu.isalist" value="amd64"/>
  </properties>
  <testcase time="0.002" classname="org.xcesco.sqldeployer.core.FileParserTest" name="testContent"/>
  <testcase time="0" classname="org.xcesco.sqldeployer.core.FileParserTest" name="test"/>
</testsuite>